# JRE version: Java(TM) SE Runtime Environment (8.0_101-b13) (build 1.8.0_101-b13)
# Java VM: Java HotSpot(TM) 64-Bit Server VM (25.101-b13 mixed mode windows-amd64 compressed oops)
Heap:
 PSYoungGen      total 34304K, used 2503K [0x00000000d6100000, 0x00000000d8a00000, 0x0000000100000000)
  eden space 27648K, 8% used [0x00000000d6100000,0x00000000d6349ce8,0x00000000d7c00000)
  from space 6656K, 2% used [0x00000000d8380000,0x00000000d83a8000,0x00000000d8a00000)
  to   space 7168K, 0% used [0x00000000d7c00000,0x00000000d7c00000,0x00000000d8300000)
 ParOldGen       total 86016K, used 8287K [0x0000000082200000, 0x0000000087600000, 0x00000000d6100000)
  object space 86016K, 9% used [0x0000000082200000,0x0000000082a17e88,0x0000000087600000)
 Metaspace       used 12285K, capacity 12464K, committed 12672K, reserved 1060864K
  class space    used 1503K, capacity 1572K, committed 1664K, reserved 1048576K
GC Heap History (10 events):
Event: 8.186 GC heap before
{Heap before GC invocations=10 (full 0):
 PSYoungGen      total 31744K, used 30435K [0x00000000d6100000, 0x00000000d8d80000, 0x0000000100000000)
  eden space 30208K, 97% used [0x00000000d6100000,0x00000000d7db7f30,0x00000000d7e80000)
  from space 1536K, 66% used [0x00000000d7f00000,0x00000000d8001048,0x00000000d8080000)
  to   space 7680K, 0% used [0x00000000d8600000,0x00000000d8600000,0x00000000d8d80000)
 ParOldGen       total 86016K, used 8183K [0x0000000082200000, 0x0000000087600000, 0x00000000d6100000)
  object space 86016K, 9% used [0x0000000082200000,0x00000000829fde88,0x0000000087600000)
 Metaspace       used 12191K, capacity 12400K, committed 12672K, reserved 1060864K
  class space    used 1500K, capacity 1572K, committed 1664K, reserved 1048576K
Event: 8.187 GC heap after
Heap after GC invocations=10 (full 0):
 PSYoungGen      total 35840K, used 1028K [0x00000000d6100000, 0x00000000d8c00000, 0x0000000100000000)
  eden space 29696K, 0% used [0x00000000d6100000,0x00000000d6100000,0x00000000d7e00000)
  from space 6144K, 16% used [0x00000000d8600000,0x00000000d8701048,0x00000000d8c00000)
  to   space 7168K, 0% used [0x00000000d7e00000,0x00000000d7e00000,0x00000000d8500000)
 ParOldGen       total 86016K, used 8199K [0x0000000082200000, 0x0000000087600000, 0x00000000d6100000)
  object space 86016K, 9% used [0x0000000082200000,0x0000000082a01e88,0x0000000087600000)
 Metaspace       used 12191K, capacity 12400K, committed 12672K, reserved 1060864K
  class space    used 1500K, capacity 1572K, committed 1664K, reserved 1048576K
}
Event: 8.712 GC heap before
{Heap before GC invocations=11 (full 0):
 PSYoungGen      total 35840K, used 30423K [0x00000000d6100000, 0x00000000d8c00000, 0x0000000100000000)
  eden space 29696K, 98% used [0x00000000d6100000,0x00000000d7db4e70,0x00000000d7e00000)
  from space 6144K, 16% used [0x00000000d8600000,0x00000000d8701048,0x00000000d8c00000)
  to   space 7168K, 0% used [0x00000000d7e00000,0x00000000d7e00000,0x00000000d8500000)
 ParOldGen       total 86016K, used 8199K [0x0000000082200000, 0x0000000087600000, 0x00000000d6100000)
  object space 86016K, 9% used [0x0000000082200000,0x0000000082a01e88,0x0000000087600000)
 Metaspace       used 12200K, capacity 12400K, committed 12672K, reserved 1060864K
  class space    used 1500K, capacity 1572K, committed 1664K, reserved 1048576K
Event: 8.714 GC heap after
Heap after GC invocations=11 (full 0):
 PSYoungGen      total 30720K, used 1028K [0x00000000d6100000, 0x00000000d8b80000, 0x0000000100000000)
  eden space 29184K, 0% used [0x00000000d6100000,0x00000000d6100000,0x00000000d7d80000)
  from space 1536K, 66% used [0x00000000d7e00000,0x00000000d7f01048,0x00000000d7f80000)
  to   space 7168K, 0% used [0x00000000d8480000,0x00000000d8480000,0x00000000d8b80000)
 ParOldGen       total 86016K, used 8215K [0x0000000082200000, 0x0000000087600000, 0x00000000d6100000)
  object space 86016K, 9% used [0x0000000082200000,0x0000000082a05e88,0x0000000087600000)
 Metaspace       used 12200K, capacity 12400K, committed 12672K, reserved 1060864K
  class space    used 1500K, capacity 1572K, committed 1664K, reserved 1048576K
}
Event: 9.237 GC heap before
{Heap before GC invocations=12 (full 0):
 PSYoungGen      total 30720K, used 29770K [0x00000000d6100000, 0x00000000d8b80000, 0x0000000100000000)
  eden space 29184K, 98% used [0x00000000d6100000,0x00000000d7d118c8,0x00000000d7d80000)
  from space 1536K, 66% used [0x00000000d7e00000,0x00000000d7f01048,0x00000000d7f80000)
  to   space 7168K, 0% used [0x00000000d8480000,0x00000000d8480000,0x00000000d8b80000)
 ParOldGen       total 86016K, used 8215K [0x0000000082200000, 0x0000000087600000, 0x00000000d6100000)
  object space 86016K, 9% used [0x0000000082200000,0x0000000082a05e88,0x0000000087600000)
 Metaspace       used 12261K, capacity 12464K, committed 12672K, reserved 1060864K
  class space    used 1500K, capacity 1572K, committed 1664K, reserved 1048576K
Event: 9.238 GC heap after
Heap after GC invocations=12 (full 0):
 PSYoungGen      total 35328K, used 160K [0x00000000d6100000, 0x00000000d8b00000, 0x0000000100000000)
  eden space 28672K, 0% used [0x00000000d6100000,0x00000000d6100000,0x00000000d7d00000)
  from space 6656K, 2% used [0x00000000d8480000,0x00000000d84a8000,0x00000000d8b00000)
  to   space 7168K, 0% used [0x00000000d7d00000,0x00000000d7d00000,0x00000000d8400000)
 ParOldGen       total 86016K, used 8239K [0x0000000082200000, 0x0000000087600000, 0x00000000d6100000)
  object space 86016K, 9% used [0x0000000082200000,0x0000000082a0be88,0x0000000087600000)
 Metaspace       used 12261K, capacity 12464K, committed 12672K, reserved 1060864K
  class space    used 1500K, capacity 1572K, committed 1664K, reserved 1048576K
}
Event: 9.749 GC heap before
{Heap before GC invocations=13 (full 0):
 PSYoungGen      total 35328K, used 28066K [0x00000000d6100000, 0x00000000d8b00000, 0x0000000100000000)
  eden space 28672K, 97% used [0x00000000d6100000,0x00000000d7c40bd0,0x00000000d7d00000)
  from space 6656K, 2% used [0x00000000d8480000,0x00000000d84a8000,0x00000000d8b00000)
  to   space 7168K, 0% used [0x00000000d7d00000,0x00000000d7d00000,0x00000000d8400000)
 ParOldGen       total 86016K, used 8239K [0x0000000082200000, 0x0000000087600000, 0x00000000d6100000)
  object space 86016K, 9% used [0x0000000082200000,0x0000000082a0be88,0x0000000087600000)
 Metaspace       used 12266K, capacity 12464K, committed 12672K, reserved 1060864K
  class space    used 1501K, capacity 1572K, committed 1664K, reserved 1048576K
Event: 9.750 GC heap after
Heap after GC invocations=13 (full 0):
 PSYoungGen      total 28672K, used 160K [0x00000000d6100000, 0x00000000d8a80000, 0x0000000100000000)
  eden space 28160K, 0% used [0x00000000d6100000,0x00000000d6100000,0x00000000d7c80000)
  from space 512K, 31% used [0x00000000d7d00000,0x00000000d7d28000,0x00000000d7d80000)
  to   space 7168K, 0% used [0x00000000d8380000,0x00000000d8380000,0x00000000d8a80000)
 ParOldGen       total 86016K, used 8263K [0x0000000082200000, 0x0000000087600000, 0x00000000d6100000)
  object space 86016K, 9% used [0x0000000082200000,0x0000000082a11e88,0x0000000087600000)
 Metaspace       used 12266K, capacity 12464K, committed 12672K, reserved 1060864K
  class space    used 1501K, capacity 1572K, committed 1664K, reserved 1048576K
}
Event: 10.247 GC heap before
{Heap before GC invocations=14 (full 0):
 PSYoungGen      total 28672K, used 28200K [0x00000000d6100000, 0x00000000d8a80000, 0x0000000100000000)
  eden space 28160K, 99% used [0x00000000d6100000,0x00000000d7c62108,0x00000000d7c80000)
  from space 512K, 31% used [0x00000000d7d00000,0x00000000d7d28000,0x00000000d7d80000)
  to   space 7168K, 0% used [0x00000000d8380000,0x00000000d8380000,0x00000000d8a80000)
 ParOldGen       total 86016K, used 8263K [0x0000000082200000, 0x0000000087600000, 0x00000000d6100000)
  object space 86016K, 9% used [0x0000000082200000,0x0000000082a11e88,0x0000000087600000)
 Metaspace       used 12285K, capacity 12464K, committed 12672K, reserved 1060864K
  class space    used 1503K, capacity 1572K, committed 1664K, reserved 1048576K
Event: 10.248 GC heap after
Heap after GC invocations=14 (full 0):
 PSYoungGen      total 34304K, used 160K [0x00000000d6100000, 0x00000000d8a00000, 0x0000000100000000)
  eden space 27648K, 0% used [0x00000000d6100000,0x00000000d6100000,0x00000000d7c00000)
  from space 6656K, 2% used [0x00000000d8380000,0x00000000d83a8000,0x00000000d8a00000)
  to   space 7168K, 0% used [0x00000000d7c00000,0x00000000d7c00000,0x00000000d8300000)
 ParOldGen       total 86016K, used 8287K [0x0000000082200000, 0x0000000087600000, 0x00000000d6100000)
  object space 86016K, 9% used [0x0000000082200000,0x0000000082a17e88,0x0000000087600000)
 Metaspace       used 12285K, capacity 12464K, committed 12672K, reserved 1060864K
  class space    used 1503K, capacity 1572K, committed 1664K, reserved 1048576K
}

